<?xml version="1.0" encoding="UTF-8"?>
<Site BuildName="(empty)"
	BuildStamp="20240120-0024-Experimental"
	Name="(empty)"
	Generator="ctest-3.28.0-rc1"
	CompilerName=""
	CompilerVersion=""
	OSName="Windows"
	Hostname="DESKTOP-VQ0QCJ0"
	OSRelease=" Professional"
	OSVersion=" (Build 19045)"
	OSPlatform="AMD64"
	Is64Bits="1"
	VendorString="GenuineIntel"
	VendorID="Intel Corporation"
	FamilyID="6"
	ModelID="14"
	ProcessorCacheSize="-1"
	NumberOfLogicalCPU="4"
	NumberOfPhysicalCPU="4"
	TotalVirtualMemory="18704"
	TotalPhysicalMemory="8151"
	LogicalProcessorsPerPhysical="1"
	ProcessorClockFrequency="3408"
	>
	<Testing>
		<StartDateTime>Jan 20 01:24 Central European Standard Time</StartDateTime>
		<StartTestTime>1705710256</StartTestTime>
		<TestList/>
		<EndDateTime>Jan 20 01:24 Central European Standard Time</EndDateTime>
		<EndTestTime>1705710256</EndTestTime>
		<ElapsedMinutes>0</ElapsedMinutes>
	</Testing>
</Site>
